
**** Build of configuration Debug for project msp432p401r_mpu6050 ****

"C:\\ti\\ccs900\\ccs\\utils\\bin\\gmake" -k -j 12 all -O 
 
Building file: "../i2cmasterexample1.syscfg"
Invoking: SysConfig
"C:/ti/ccs900/ccs/utils/sysconfig/sysconfig_cli.bat" -s "C:/ti/simplelink_msp432p4_sdk_3_30_00_13/.metadata/product.json" -o "syscfg" "../i2cmasterexample1.syscfg"
Running script...
Validating...
Generating Code...
Writing C:\Users\Ted\Desktop\MSP432P401R_MPU6050_Workspace\msp432p401r_mpu6050\Debug\syscfg\ti_drivers_config.c...
Writing C:\Users\Ted\Desktop\MSP432P401R_MPU6050_Workspace\msp432p401r_mpu6050\Debug\syscfg\ti_drivers_config.h...
Writing C:\Users\Ted\Desktop\MSP432P401R_MPU6050_Workspace\msp432p401r_mpu6050\Debug\syscfg\syscfg_c.rov.xs...
Finished building: "../i2cmasterexample1.syscfg"
 
Building file: "../main_tirtos.c"
Invoking: ARM Compiler
"C:/ti/ccs900/ccs/tools/compiler/ti-cgt-arm_18.12.3.LTS/bin/armcl" -mv7M4 --code_state=16 --float_support=FPv4SPD16 -me --include_path="C:/Users/Ted/Desktop/MSP432P401R_MPU6050_Workspace/msp432p401r_mpu6050" --include_path="C:/Users/Ted/Desktop/MSP432P401R_MPU6050_Workspace/msp432p401r_mpu6050/Debug" --include_path="C:/ti/simplelink_msp432p4_sdk_3_30_00_13/source" --include_path="C:/ti/simplelink_msp432p4_sdk_3_30_00_13/source/third_party/CMSIS/Include" --include_path="C:/ti/simplelink_msp432p4_sdk_3_30_00_13/source/ti/posix/ccs" --include_path="C:/ti/ccs900/ccs/tools/compiler/ti-cgt-arm_18.12.3.LTS/include" --advice:power=none -g --diag_warning=225 --diag_warning=255 --diag_wrap=off --display_error_number --gen_func_subsections=on --preproc_with_compile --preproc_dependency="main_tirtos.d_raw" --include_path="C:/Users/Ted/Desktop/MSP432P401R_MPU6050_Workspace/msp432p401r_mpu6050/Debug/syscfg" --cmd_file="C:/Users/Ted/Desktop/MSP432P401R_MPU6050_Workspace/tirtos_builds_MSP_EXP432P401R_release_ccs/Debug/configPkg/compiler.opt" "../main_tirtos.c"
Finished building: "../main_tirtos.c"
 
Building file: "../i2cmasterexample1.c"
Invoking: ARM Compiler
"C:/ti/ccs900/ccs/tools/compiler/ti-cgt-arm_18.12.3.LTS/bin/armcl" -mv7M4 --code_state=16 --float_support=FPv4SPD16 -me --include_path="C:/Users/Ted/Desktop/MSP432P401R_MPU6050_Workspace/msp432p401r_mpu6050" --include_path="C:/Users/Ted/Desktop/MSP432P401R_MPU6050_Workspace/msp432p401r_mpu6050/Debug" --include_path="C:/ti/simplelink_msp432p4_sdk_3_30_00_13/source" --include_path="C:/ti/simplelink_msp432p4_sdk_3_30_00_13/source/third_party/CMSIS/Include" --include_path="C:/ti/simplelink_msp432p4_sdk_3_30_00_13/source/ti/posix/ccs" --include_path="C:/ti/ccs900/ccs/tools/compiler/ti-cgt-arm_18.12.3.LTS/include" --include_path="C:/ti/ccs900/ccs/ccs_base/arm/include" --advice:power=none --define=__MSP432P401R__ -g --diag_warning=225 --diag_warning=255 --diag_wrap=off --display_error_number --gen_func_subsections=on --preproc_with_compile --preproc_dependency="i2cmasterexample1.d_raw" --include_path="C:/Users/Ted/Desktop/MSP432P401R_MPU6050_Workspace/msp432p401r_mpu6050/Debug/syscfg" --cmd_file="C:/Users/Ted/Desktop/MSP432P401R_MPU6050_Workspace/tirtos_builds_MSP_EXP432P401R_release_ccs/Debug/configPkg/compiler.opt" "../i2cmasterexample1.c"
"../i2cmasterexample1.c", line 73: warning #112-D: statement is unreachable
Finished building: "../i2cmasterexample1.c"
 
Building file: "../msp432_mpu6050.c"
Invoking: ARM Compiler
"C:/ti/ccs900/ccs/tools/compiler/ti-cgt-arm_18.12.3.LTS/bin/armcl" -mv7M4 --code_state=16 --float_support=FPv4SPD16 -me --include_path="C:/Users/Ted/Desktop/MSP432P401R_MPU6050_Workspace/msp432p401r_mpu6050" --include_path="C:/Users/Ted/Desktop/MSP432P401R_MPU6050_Workspace/msp432p401r_mpu6050/Debug" --include_path="C:/ti/simplelink_msp432p4_sdk_3_30_00_13/source" --include_path="C:/ti/simplelink_msp432p4_sdk_3_30_00_13/source/third_party/CMSIS/Include" --include_path="C:/ti/simplelink_msp432p4_sdk_3_30_00_13/source/ti/posix/ccs" --include_path="C:/ti/ccs900/ccs/tools/compiler/ti-cgt-arm_18.12.3.LTS/include" --include_path="C:/ti/ccs900/ccs/ccs_base/arm/include" --advice:power=none --define=__MSP432P401R__ -g --diag_warning=225 --diag_warning=255 --diag_wrap=off --display_error_number --gen_func_subsections=on --preproc_with_compile --preproc_dependency="msp432_mpu6050.d_raw" --include_path="C:/Users/Ted/Desktop/MSP432P401R_MPU6050_Workspace/msp432p401r_mpu6050/Debug/syscfg" --cmd_file="C:/Users/Ted/Desktop/MSP432P401R_MPU6050_Workspace/tirtos_builds_MSP_EXP432P401R_release_ccs/Debug/configPkg/compiler.opt" "../msp432_mpu6050.c"
Finished building: "../msp432_mpu6050.c"
 
Building file: "syscfg/ti_drivers_config.c"
Invoking: ARM Compiler
"C:/ti/ccs900/ccs/tools/compiler/ti-cgt-arm_18.12.3.LTS/bin/armcl" -mv7M4 --code_state=16 --float_support=FPv4SPD16 -me --include_path="C:/Users/Ted/Desktop/MSP432P401R_MPU6050_Workspace/msp432p401r_mpu6050" --include_path="C:/Users/Ted/Desktop/MSP432P401R_MPU6050_Workspace/msp432p401r_mpu6050/Debug" --include_path="C:/ti/simplelink_msp432p4_sdk_3_30_00_13/source" --include_path="C:/ti/simplelink_msp432p4_sdk_3_30_00_13/source/third_party/CMSIS/Include" --include_path="C:/ti/simplelink_msp432p4_sdk_3_30_00_13/source/ti/posix/ccs" --include_path="C:/ti/ccs900/ccs/tools/compiler/ti-cgt-arm_18.12.3.LTS/include" --advice:power=none -g --diag_warning=225 --diag_warning=255 --diag_wrap=off --display_error_number --gen_func_subsections=on --preproc_with_compile --preproc_dependency="syscfg/ti_drivers_config.d_raw" --include_path="C:/Users/Ted/Desktop/MSP432P401R_MPU6050_Workspace/msp432p401r_mpu6050/Debug/syscfg" --obj_directory="syscfg" --cmd_file="C:/Users/Ted/Desktop/MSP432P401R_MPU6050_Workspace/tirtos_builds_MSP_EXP432P401R_release_ccs/Debug/configPkg/compiler.opt" "syscfg/ti_drivers_config.c"
Finished building: "syscfg/ti_drivers_config.c"
 
Building target: "msp432p401r_mpu6050.out"
Invoking: ARM Linker
"C:/ti/ccs900/ccs/tools/compiler/ti-cgt-arm_18.12.3.LTS/bin/armcl" -mv7M4 --code_state=16 --float_support=FPv4SPD16 -me --advice:power=none -g --diag_warning=225 --diag_warning=255 --diag_wrap=off --display_error_number --gen_func_subsections=on -z -m"msp432p401r_mpu6050.map" -i"C:/ti/simplelink_msp432p4_sdk_3_30_00_13/source" -i"C:/ti/simplelink_msp432p4_sdk_3_30_00_13/kernel/tirtos/packages" -i"C:/ti/ccs900/ccs/tools/compiler/ti-cgt-arm_18.12.3.LTS/lib" --diag_wrap=off --display_error_number --warn_sections --xml_link_info="msp432p401r_mpu6050_linkInfo.xml" --rom_model -o "msp432p401r_mpu6050.out" "./i2cmasterexample1.obj" "./syscfg/ti_drivers_config.obj" "./main_tirtos.obj" "./msp432_mpu6050.obj" "../MSP_EXP432P401R_TIRTOS.cmd" -l"ti/display/lib/display.aem4f" -l"ti/grlib/lib/ccs/m4f/grlib.a" -l"third_party/spiffs/lib/ccs/m4f/spiffs.a" -l"ti/drivers/lib/drivers_msp432p401x.aem4f" -l"third_party/fatfs/lib/ccs/m4f/fatfs.a" -l"ti/dpl/lib/dpl_msp432p401x.aem4f" -l"C:/Users/Ted/Desktop/MSP432P401R_MPU6050_Workspace/tirtos_builds_MSP_EXP432P401R_release_ccs/Debug/configPkg/linker.cmd" -l"ti/devices/msp432p4xx/driverlib/ccs/msp432p4xx_driverlib.lib" -llibc.a 
<Linking>
Finished building target: "msp432p401r_mpu6050.out"
 

**** Build Finished ****
